<tr><td>2018/03/20 15:03:46</td><td bgcolor="Lavender">N/A</td><td>main</td><td>Base path for the test = C:\Users\ajay.yapada\Desktop\auto\ADT_Resources\Tws_Automation/<br> <i> Stack Trace : java.lang.Thread.run(Unknown Source)<br>java.util.concurrent.ThreadPoolExecutor$Worker.run(Unknown Source)<br>java.util.concurrent.ThreadPoolExecutor.runWorker(Unknown Source)<br>Lib.Controller.ThreadRunner$1.run(ThreadRunner.java:334)<br>Lib.Controller.Driver.main(Driver.java:201)<br></i><br><b>Unable to get the URL and Page title because the browser is not open</b></td></tr>
<tr><td>2018/03/20 15:03:46</td><td bgcolor="Lavender">N/A</td><td>main</td><td>Current Thread Name for the test is "pool-1-thread-1"<br> <i> Stack Trace : java.lang.Thread.run(Unknown Source)<br>java.util.concurrent.ThreadPoolExecutor$Worker.run(Unknown Source)<br>java.util.concurrent.ThreadPoolExecutor.runWorker(Unknown Source)<br>Lib.Controller.ThreadRunner$1.run(ThreadRunner.java:334)<br>Lib.Controller.Driver.main(Driver.java:202)<br></i><br><b>Unable to get the URL and Page title because the browser is not open</b></td></tr>
<tr><td>2018/03/20 15:03:56</td><td bgcolor="Moccasin">INFO</td><td>launchTws</td><td>The user has launched 'https://www.awstpqa.com/login.asp<br> <i> Stack Trace : java.lang.Thread.run(Unknown Source)<br>java.util.concurrent.ThreadPoolExecutor$Worker.run(Unknown Source)<br>java.util.concurrent.ThreadPoolExecutor.runWorker(Unknown Source)<br>Lib.Controller.ThreadRunner$1.run(ThreadRunner.java:334)<br>Lib.Controller.Driver.main(Driver.java:209)<br>Lib.Controller.Driver.run(Driver.java:313)<br>cucumber.runtime.Runtime.run(Runtime.java:108)<br>cucumber.runtime.Runtime.run(Runtime.java:120)<br>cucumber.runtime.model.CucumberFeature.run(CucumberFeature.java:154)<br>cucumber.runtime.model.CucumberScenarioOutline.run(CucumberScenarioOutline.java:46)<br>cucumber.runtime.model.CucumberScenario.run(CucumberScenario.java:48)<br>cucumber.runtime.model.StepContainer.runSteps(StepContainer.java:39)<br>cucumber.runtime.model.StepContainer.runStep(StepContainer.java:44)<br>cucumber.runtime.Runtime.runStep(Runtime.java:298)<br>cucumber.runtime.StepDefinitionMatch.runStep(StepDefinitionMatch.java:37)<br>cucumber.runtime.java.JavaStepDefinition.execute(JavaStepDefinition.java:35)<br>cucumber.runtime.Utils.invoke(Utils.java:30)<br>cucumber.runtime.Timeout.timeout(Timeout.java:13)<br>cucumber.runtime.Utils$1.call(Utils.java:34)<br>java.lang.reflect.Method.invoke(Unknown Source)<br>sun.reflect.DelegatingMethodAccessorImpl.invoke(Unknown Source)<br>sun.reflect.NativeMethodAccessorImpl.invoke(Unknown Source)<br>sun.reflect.NativeMethodAccessorImpl.invoke0(Native Method)<br>defFiles.SalesForce.launchTws(SalesForce.java:47)<br></i><br> Feature File Name = [C:\Users\ajay.yapada\Desktop\auto\ADT_Resources\Tws_Automation\FeatureFiles\First_Test_Case.feature]<br>Browser URL - [https://www.awstpqa.com/login.asp]<br>Page Title - [Top Producer® Websites Customer Login]</td></tr>
<tr><td>2018/03/20 15:03:56</td><td bgcolor="Lavender">N/A</td><td>GetWebElement</td><td>Creating WebElement with locator = id and its value = username<br> <i> Stack Trace : java.lang.Thread.run(Unknown Source)<br>java.util.concurrent.ThreadPoolExecutor$Worker.run(Unknown Source)<br>java.util.concurrent.ThreadPoolExecutor.runWorker(Unknown Source)<br>Lib.Controller.ThreadRunner$1.run(ThreadRunner.java:334)<br>Lib.Controller.Driver.main(Driver.java:209)<br>Lib.Controller.Driver.run(Driver.java:313)<br>cucumber.runtime.Runtime.run(Runtime.java:108)<br>cucumber.runtime.Runtime.run(Runtime.java:120)<br>cucumber.runtime.model.CucumberFeature.run(CucumberFeature.java:154)<br>cucumber.runtime.model.CucumberScenarioOutline.run(CucumberScenarioOutline.java:46)<br>cucumber.runtime.model.CucumberScenario.run(CucumberScenario.java:48)<br>cucumber.runtime.model.StepContainer.runSteps(StepContainer.java:39)<br>cucumber.runtime.model.StepContainer.runStep(StepContainer.java:44)<br>cucumber.runtime.Runtime.runStep(Runtime.java:298)<br>cucumber.runtime.StepDefinitionMatch.runStep(StepDefinitionMatch.java:37)<br>cucumber.runtime.java.JavaStepDefinition.execute(JavaStepDefinition.java:35)<br>cucumber.runtime.Utils.invoke(Utils.java:30)<br>cucumber.runtime.Timeout.timeout(Timeout.java:13)<br>cucumber.runtime.Utils$1.call(Utils.java:34)<br>java.lang.reflect.Method.invoke(Unknown Source)<br>sun.reflect.DelegatingMethodAccessorImpl.invoke(Unknown Source)<br>sun.reflect.NativeMethodAccessorImpl.invoke(Unknown Source)<br>sun.reflect.NativeMethodAccessorImpl.invoke0(Native Method)<br>defFiles.SalesForce.loginIntoApplication(SalesForce.java:61)<br>Lib.Common.WebCtrlOperations.sendKeys(WebCtrlOperations.java:867)<br>Lib.Common.WebCtrlOperations.GetWebElement(WebCtrlOperations.java:423)<br></i><br> Feature File Name = [C:\Users\ajay.yapada\Desktop\auto\ADT_Resources\Tws_Automation\FeatureFiles\First_Test_Case.feature]<br>Browser URL - [https://www.awstpqa.com/login.asp]<br>Page Title - [Top Producer® Websites Customer Login]</td></tr>
<tr><td>2018/03/20 15:03:56</td><td bgcolor="Lavender">N/A</td><td>GetWebElement</td><td>Creating WebElement with locator = id and its value = password<br> <i> Stack Trace : java.lang.Thread.run(Unknown Source)<br>java.util.concurrent.ThreadPoolExecutor$Worker.run(Unknown Source)<br>java.util.concurrent.ThreadPoolExecutor.runWorker(Unknown Source)<br>Lib.Controller.ThreadRunner$1.run(ThreadRunner.java:334)<br>Lib.Controller.Driver.main(Driver.java:209)<br>Lib.Controller.Driver.run(Driver.java:313)<br>cucumber.runtime.Runtime.run(Runtime.java:108)<br>cucumber.runtime.Runtime.run(Runtime.java:120)<br>cucumber.runtime.model.CucumberFeature.run(CucumberFeature.java:154)<br>cucumber.runtime.model.CucumberScenarioOutline.run(CucumberScenarioOutline.java:46)<br>cucumber.runtime.model.CucumberScenario.run(CucumberScenario.java:48)<br>cucumber.runtime.model.StepContainer.runSteps(StepContainer.java:39)<br>cucumber.runtime.model.StepContainer.runStep(StepContainer.java:44)<br>cucumber.runtime.Runtime.runStep(Runtime.java:298)<br>cucumber.runtime.StepDefinitionMatch.runStep(StepDefinitionMatch.java:37)<br>cucumber.runtime.java.JavaStepDefinition.execute(JavaStepDefinition.java:35)<br>cucumber.runtime.Utils.invoke(Utils.java:30)<br>cucumber.runtime.Timeout.timeout(Timeout.java:13)<br>cucumber.runtime.Utils$1.call(Utils.java:34)<br>java.lang.reflect.Method.invoke(Unknown Source)<br>sun.reflect.DelegatingMethodAccessorImpl.invoke(Unknown Source)<br>sun.reflect.NativeMethodAccessorImpl.invoke(Unknown Source)<br>sun.reflect.NativeMethodAccessorImpl.invoke0(Native Method)<br>defFiles.SalesForce.loginIntoApplication(SalesForce.java:62)<br>Lib.Common.WebCtrlOperations.sendKeys(WebCtrlOperations.java:867)<br>Lib.Common.WebCtrlOperations.GetWebElement(WebCtrlOperations.java:423)<br></i><br> Feature File Name = [C:\Users\ajay.yapada\Desktop\auto\ADT_Resources\Tws_Automation\FeatureFiles\First_Test_Case.feature]<br>Browser URL - [https://www.awstpqa.com/login.asp]<br>Page Title - [Top Producer® Websites Customer Login]</td></tr>
<tr><td>2018/03/20 15:03:56</td><td bgcolor="Lavender">N/A</td><td>GetWebElement</td><td>Creating WebElement with locator = xpath and its value = //*[@type='submit']<br> <i> Stack Trace : java.lang.Thread.run(Unknown Source)<br>java.util.concurrent.ThreadPoolExecutor$Worker.run(Unknown Source)<br>java.util.concurrent.ThreadPoolExecutor.runWorker(Unknown Source)<br>Lib.Controller.ThreadRunner$1.run(ThreadRunner.java:334)<br>Lib.Controller.Driver.main(Driver.java:209)<br>Lib.Controller.Driver.run(Driver.java:313)<br>cucumber.runtime.Runtime.run(Runtime.java:108)<br>cucumber.runtime.Runtime.run(Runtime.java:120)<br>cucumber.runtime.model.CucumberFeature.run(CucumberFeature.java:154)<br>cucumber.runtime.model.CucumberScenarioOutline.run(CucumberScenarioOutline.java:46)<br>cucumber.runtime.model.CucumberScenario.run(CucumberScenario.java:48)<br>cucumber.runtime.model.StepContainer.runSteps(StepContainer.java:39)<br>cucumber.runtime.model.StepContainer.runStep(StepContainer.java:44)<br>cucumber.runtime.Runtime.runStep(Runtime.java:298)<br>cucumber.runtime.StepDefinitionMatch.runStep(StepDefinitionMatch.java:37)<br>cucumber.runtime.java.JavaStepDefinition.execute(JavaStepDefinition.java:35)<br>cucumber.runtime.Utils.invoke(Utils.java:30)<br>cucumber.runtime.Timeout.timeout(Timeout.java:13)<br>cucumber.runtime.Utils$1.call(Utils.java:34)<br>java.lang.reflect.Method.invoke(Unknown Source)<br>sun.reflect.DelegatingMethodAccessorImpl.invoke(Unknown Source)<br>sun.reflect.NativeMethodAccessorImpl.invoke(Unknown Source)<br>sun.reflect.NativeMethodAccessorImpl.invoke0(Native Method)<br>defFiles.SalesForce.loginIntoApplication(SalesForce.java:63)<br>Lib.Common.WebCtrlOperations.clickOnElement(WebCtrlOperations.java:769)<br>Lib.Common.WebCtrlOperations.GetWebElement(WebCtrlOperations.java:423)<br></i><br> Feature File Name = [C:\Users\ajay.yapada\Desktop\auto\ADT_Resources\Tws_Automation\FeatureFiles\First_Test_Case.feature]<br>Browser URL - [https://www.awstpqa.com/login.asp]<br>Page Title - [Top Producer® Websites Customer Login]</td></tr>
<tr><td>2018/03/20 15:04:04</td><td bgcolor="DarkGreen">PASSED</td><td>loginIntoApplication</td><td>Successfully login in to tws application<br> <i> Stack Trace : java.lang.Thread.run(Unknown Source)<br>java.util.concurrent.ThreadPoolExecutor$Worker.run(Unknown Source)<br>java.util.concurrent.ThreadPoolExecutor.runWorker(Unknown Source)<br>Lib.Controller.ThreadRunner$1.run(ThreadRunner.java:334)<br>Lib.Controller.Driver.main(Driver.java:209)<br>Lib.Controller.Driver.run(Driver.java:313)<br>cucumber.runtime.Runtime.run(Runtime.java:108)<br>cucumber.runtime.Runtime.run(Runtime.java:120)<br>cucumber.runtime.model.CucumberFeature.run(CucumberFeature.java:154)<br>cucumber.runtime.model.CucumberScenarioOutline.run(CucumberScenarioOutline.java:46)<br>cucumber.runtime.model.CucumberScenario.run(CucumberScenario.java:48)<br>cucumber.runtime.model.StepContainer.runSteps(StepContainer.java:39)<br>cucumber.runtime.model.StepContainer.runStep(StepContainer.java:44)<br>cucumber.runtime.Runtime.runStep(Runtime.java:298)<br>cucumber.runtime.StepDefinitionMatch.runStep(StepDefinitionMatch.java:37)<br>cucumber.runtime.java.JavaStepDefinition.execute(JavaStepDefinition.java:35)<br>cucumber.runtime.Utils.invoke(Utils.java:30)<br>cucumber.runtime.Timeout.timeout(Timeout.java:13)<br>cucumber.runtime.Utils$1.call(Utils.java:34)<br>java.lang.reflect.Method.invoke(Unknown Source)<br>sun.reflect.DelegatingMethodAccessorImpl.invoke(Unknown Source)<br>sun.reflect.NativeMethodAccessorImpl.invoke(Unknown Source)<br>sun.reflect.NativeMethodAccessorImpl.invoke0(Native Method)<br>defFiles.SalesForce.loginIntoApplication(SalesForce.java:64)<br></i><br> Feature File Name = [C:\Users\ajay.yapada\Desktop\auto\ADT_Resources\Tws_Automation\FeatureFiles\First_Test_Case.feature]<br>Browser URL - [http://www.awstpqa.com/login/frameset.asp?i=9375&b=1&e=3&sid=48263&a=qareskin1&r=0&rdid={7ED1228D-DB3D-4E22-B769-9172906FDC40}]<br>Page Title - [Top Producer® Websites]</td></tr>
<tr><td>2018/03/20 15:04:35</td><td bgcolor="Red">FAILED</td><td><a href="HomePageClick1521538475790.jpg" target="_blank">HomePageClick</a></td><td>Not clicked<br> <i> Stack Trace : java.lang.Thread.run(Unknown Source)<br>java.util.concurrent.ThreadPoolExecutor$Worker.run(Unknown Source)<br>java.util.concurrent.ThreadPoolExecutor.runWorker(Unknown Source)<br>Lib.Controller.ThreadRunner$1.run(ThreadRunner.java:334)<br>Lib.Controller.Driver.main(Driver.java:209)<br>Lib.Controller.Driver.run(Driver.java:313)<br>cucumber.runtime.Runtime.run(Runtime.java:108)<br>cucumber.runtime.Runtime.run(Runtime.java:120)<br>cucumber.runtime.model.CucumberFeature.run(CucumberFeature.java:154)<br>cucumber.runtime.model.CucumberScenarioOutline.run(CucumberScenarioOutline.java:46)<br>cucumber.runtime.model.CucumberScenario.run(CucumberScenario.java:48)<br>cucumber.runtime.model.StepContainer.runSteps(StepContainer.java:39)<br>cucumber.runtime.model.StepContainer.runStep(StepContainer.java:44)<br>cucumber.runtime.Runtime.runStep(Runtime.java:298)<br>cucumber.runtime.StepDefinitionMatch.runStep(StepDefinitionMatch.java:37)<br>cucumber.runtime.java.JavaStepDefinition.execute(JavaStepDefinition.java:35)<br>cucumber.runtime.Utils.invoke(Utils.java:30)<br>cucumber.runtime.Timeout.timeout(Timeout.java:13)<br>cucumber.runtime.Utils$1.call(Utils.java:34)<br>java.lang.reflect.Method.invoke(Unknown Source)<br>sun.reflect.DelegatingMethodAccessorImpl.invoke(Unknown Source)<br>sun.reflect.NativeMethodAccessorImpl.invoke(Unknown Source)<br>sun.reflect.NativeMethodAccessorImpl.invoke0(Native Method)<br>defFiles.SalesForce.HomePage(SalesForce.java:98)<br></i><br> Feature File Name = [C:\Users\ajay.yapada\Desktop\auto\ADT_Resources\Tws_Automation\FeatureFiles\First_Test_Case.feature]<br>Browser URL - [http://www.awstpqa.com/login/frameset.asp?i=9375&b=1&e=3&sid=48263&a=qareskin1&r=0&rdid={7ED1228D-DB3D-4E22-B769-9172906FDC40}]<br>Page Title - [Top Producer® Websites]</td></tr>
<tr><td>2018/03/20 15:04:37</td><td bgcolor="Moccasin">INFO</td><td>afterScenario</td><td>Closing the Browser Instance<br> <i> Stack Trace : java.lang.Thread.run(Unknown Source)<br>java.util.concurrent.ThreadPoolExecutor$Worker.run(Unknown Source)<br>java.util.concurrent.ThreadPoolExecutor.runWorker(Unknown Source)<br>Lib.Controller.ThreadRunner$1.run(ThreadRunner.java:334)<br>Lib.Controller.Driver.main(Driver.java:209)<br>Lib.Controller.Driver.run(Driver.java:313)<br>cucumber.runtime.Runtime.run(Runtime.java:108)<br>cucumber.runtime.Runtime.run(Runtime.java:120)<br>cucumber.runtime.model.CucumberFeature.run(CucumberFeature.java:154)<br>cucumber.runtime.model.CucumberScenarioOutline.run(CucumberScenarioOutline.java:46)<br>cucumber.runtime.model.CucumberScenario.run(CucumberScenario.java:50)<br>cucumber.runtime.Runtime.runAfterHooks(Runtime.java:204)<br>cucumber.runtime.Runtime.runHooks(Runtime.java:210)<br>cucumber.runtime.Runtime.runHookIfTagsMatch(Runtime.java:222)<br>cucumber.runtime.java.JavaHookDefinition.execute(JavaHookDefinition.java:59)<br>cucumber.runtime.Utils.invoke(Utils.java:30)<br>cucumber.runtime.Timeout.timeout(Timeout.java:13)<br>cucumber.runtime.Utils$1.call(Utils.java:34)<br>java.lang.reflect.Method.invoke(Unknown Source)<br>sun.reflect.DelegatingMethodAccessorImpl.invoke(Unknown Source)<br>sun.reflect.NativeMethodAccessorImpl.invoke(Unknown Source)<br>sun.reflect.NativeMethodAccessorImpl.invoke0(Native Method)<br>defFiles.Common.afterScenario(Common.java:106)<br></i><br> Feature File Name = [C:\Users\ajay.yapada\Desktop\auto\ADT_Resources\Tws_Automation\FeatureFiles\First_Test_Case.feature]<br><b>Unable to get the URL and Page title because the browser is not open</b></td></tr>
<tr><td>2018/03/20 15:04:37</td><td bgcolor="Lavender">N/A</td><td>run</td><td>Printing Cucumber RunTime Error/s<br> <i> Stack Trace : java.lang.Thread.run(Unknown Source)<br>java.util.concurrent.ThreadPoolExecutor$Worker.run(Unknown Source)<br>java.util.concurrent.ThreadPoolExecutor.runWorker(Unknown Source)<br>Lib.Controller.ThreadRunner$1.run(ThreadRunner.java:334)<br>Lib.Controller.Driver.main(Driver.java:209)<br>Lib.Controller.Driver.run(Driver.java:323)<br></i><br> Feature File Name = [C:\Users\ajay.yapada\Desktop\auto\ADT_Resources\Tws_Automation\FeatureFiles\First_Test_Case.feature]<br><b>Unable to get the URL and Page title because the browser is not open</b></td></tr>
<tr><td>2018/03/20 15:04:37</td><td bgcolor="Red">FAILED</td><td><a href="" target="_blank">run</a></td><td> File Name: Assert.java Method name: fail(86)<br> File Name: Assert.java Method name: assertTrue(41)<br> File Name: Assert.java Method name: assertTrue(52)<br> File Name: SalesForce.java Method name: HomePage(99)<br> File Name: C:/Users/ajay.yapada/Desktop/auto/ADT_Resources/Tws_Automation/FeatureFiles/First_Test_Case.feature Method name: Then I will click on tab "Home"(7)<br><br>Complete Error Message: null<br><br> <i> Stack Trace : java.lang.Thread.run(Unknown Source)<br>java.util.concurrent.ThreadPoolExecutor$Worker.run(Unknown Source)<br>java.util.concurrent.ThreadPoolExecutor.runWorker(Unknown Source)<br>Lib.Controller.ThreadRunner$1.run(ThreadRunner.java:334)<br>Lib.Controller.Driver.main(Driver.java:209)<br>Lib.Controller.Driver.run(Driver.java:331)<br></i><br> Feature File Name = [C:\Users\ajay.yapada\Desktop\auto\ADT_Resources\Tws_Automation\FeatureFiles\First_Test_Case.feature]<br><b>Unable to get the URL and Page title because the browser is not open</b></td></tr>
