<tr><td>2018/11/14 17:11:27</td><td bgcolor="Lavender">N/A</td><td>main</td><td>Base path for the test = C:\Users\ajay.yapada\Desktop\auto\ADT_Resources\Tws_Automation/<br> <i> Stack Trace : java.lang.Thread.run(Unknown Source)<br>java.util.concurrent.ThreadPoolExecutor$Worker.run(Unknown Source)<br>java.util.concurrent.ThreadPoolExecutor.runWorker(Unknown Source)<br>Lib.Controller.ThreadRunner$1.run(ThreadRunner.java:334)<br>Lib.Controller.Driver.main(Driver.java:201)<br></i><br><b>Unable to get the URL and Page title because the browser is not open</b></td></tr>
<tr><td>2018/11/14 17:11:27</td><td bgcolor="Lavender">N/A</td><td>main</td><td>Current Thread Name for the test is "pool-1-thread-1"<br> <i> Stack Trace : java.lang.Thread.run(Unknown Source)<br>java.util.concurrent.ThreadPoolExecutor$Worker.run(Unknown Source)<br>java.util.concurrent.ThreadPoolExecutor.runWorker(Unknown Source)<br>Lib.Controller.ThreadRunner$1.run(ThreadRunner.java:334)<br>Lib.Controller.Driver.main(Driver.java:202)<br></i><br><b>Unable to get the URL and Page title because the browser is not open</b></td></tr>
<tr><td>2018/11/14 17:11:48</td><td bgcolor="Moccasin">INFO</td><td>launchTws</td><td>The user has launched 'https://www.awstpqa.com/login.asp<br> <i> Stack Trace : java.lang.Thread.run(Unknown Source)<br>java.util.concurrent.ThreadPoolExecutor$Worker.run(Unknown Source)<br>java.util.concurrent.ThreadPoolExecutor.runWorker(Unknown Source)<br>Lib.Controller.ThreadRunner$1.run(ThreadRunner.java:334)<br>Lib.Controller.Driver.main(Driver.java:209)<br>Lib.Controller.Driver.run(Driver.java:313)<br>cucumber.runtime.Runtime.run(Runtime.java:108)<br>cucumber.runtime.Runtime.run(Runtime.java:120)<br>cucumber.runtime.model.CucumberFeature.run(CucumberFeature.java:154)<br>cucumber.runtime.model.CucumberScenario.run(CucumberScenario.java:48)<br>cucumber.runtime.model.StepContainer.runSteps(StepContainer.java:39)<br>cucumber.runtime.model.StepContainer.runStep(StepContainer.java:44)<br>cucumber.runtime.Runtime.runStep(Runtime.java:298)<br>cucumber.runtime.StepDefinitionMatch.runStep(StepDefinitionMatch.java:37)<br>cucumber.runtime.java.JavaStepDefinition.execute(JavaStepDefinition.java:35)<br>cucumber.runtime.Utils.invoke(Utils.java:30)<br>cucumber.runtime.Timeout.timeout(Timeout.java:13)<br>cucumber.runtime.Utils$1.call(Utils.java:34)<br>java.lang.reflect.Method.invoke(Unknown Source)<br>sun.reflect.DelegatingMethodAccessorImpl.invoke(Unknown Source)<br>sun.reflect.NativeMethodAccessorImpl.invoke(Unknown Source)<br>sun.reflect.NativeMethodAccessorImpl.invoke0(Native Method)<br>defFiles.TwsAutomation.launchTws(TwsAutomation.java:49)<br></i><br> Feature File Name = [C:\Users\ajay.yapada\Desktop\auto\ADT_Resources\Tws_Automation\FeatureFiles\PageCreationsAndValidation\EditPageValidation.feature]<br>Browser URL - [https://www.awstpqa.com/login.asp]<br>Page Title - [Top Producer® Websites Customer Login]</td></tr>
<tr><td>2018/11/14 17:11:48</td><td bgcolor="Lavender">N/A</td><td>GetWebElement</td><td>Creating WebElement with locator = xpath and its value = //*[@id='username']<br> <i> Stack Trace : java.lang.Thread.run(Unknown Source)<br>java.util.concurrent.ThreadPoolExecutor$Worker.run(Unknown Source)<br>java.util.concurrent.ThreadPoolExecutor.runWorker(Unknown Source)<br>Lib.Controller.ThreadRunner$1.run(ThreadRunner.java:334)<br>Lib.Controller.Driver.main(Driver.java:209)<br>Lib.Controller.Driver.run(Driver.java:313)<br>cucumber.runtime.Runtime.run(Runtime.java:108)<br>cucumber.runtime.Runtime.run(Runtime.java:120)<br>cucumber.runtime.model.CucumberFeature.run(CucumberFeature.java:154)<br>cucumber.runtime.model.CucumberScenario.run(CucumberScenario.java:48)<br>cucumber.runtime.model.StepContainer.runSteps(StepContainer.java:39)<br>cucumber.runtime.model.StepContainer.runStep(StepContainer.java:44)<br>cucumber.runtime.Runtime.runStep(Runtime.java:298)<br>cucumber.runtime.StepDefinitionMatch.runStep(StepDefinitionMatch.java:37)<br>cucumber.runtime.java.JavaStepDefinition.execute(JavaStepDefinition.java:35)<br>cucumber.runtime.Utils.invoke(Utils.java:30)<br>cucumber.runtime.Timeout.timeout(Timeout.java:13)<br>cucumber.runtime.Utils$1.call(Utils.java:34)<br>java.lang.reflect.Method.invoke(Unknown Source)<br>sun.reflect.DelegatingMethodAccessorImpl.invoke(Unknown Source)<br>sun.reflect.NativeMethodAccessorImpl.invoke(Unknown Source)<br>sun.reflect.NativeMethodAccessorImpl.invoke0(Native Method)<br>defFiles.TwsAutomation.loginIntoApplication(TwsAutomation.java:66)<br>Lib.Common.WebCtrlOperations.sendKeys(WebCtrlOperations.java:867)<br>Lib.Common.WebCtrlOperations.GetWebElement(WebCtrlOperations.java:423)<br></i><br> Feature File Name = [C:\Users\ajay.yapada\Desktop\auto\ADT_Resources\Tws_Automation\FeatureFiles\PageCreationsAndValidation\EditPageValidation.feature]<br>Browser URL - [https://www.awstpqa.com/login.asp]<br>Page Title - [Top Producer® Websites Customer Login]</td></tr>
<tr><td>2018/11/14 17:11:48</td><td bgcolor="Lavender">N/A</td><td>GetWebElement</td><td>Creating WebElement with locator = id and its value = password<br> <i> Stack Trace : java.lang.Thread.run(Unknown Source)<br>java.util.concurrent.ThreadPoolExecutor$Worker.run(Unknown Source)<br>java.util.concurrent.ThreadPoolExecutor.runWorker(Unknown Source)<br>Lib.Controller.ThreadRunner$1.run(ThreadRunner.java:334)<br>Lib.Controller.Driver.main(Driver.java:209)<br>Lib.Controller.Driver.run(Driver.java:313)<br>cucumber.runtime.Runtime.run(Runtime.java:108)<br>cucumber.runtime.Runtime.run(Runtime.java:120)<br>cucumber.runtime.model.CucumberFeature.run(CucumberFeature.java:154)<br>cucumber.runtime.model.CucumberScenario.run(CucumberScenario.java:48)<br>cucumber.runtime.model.StepContainer.runSteps(StepContainer.java:39)<br>cucumber.runtime.model.StepContainer.runStep(StepContainer.java:44)<br>cucumber.runtime.Runtime.runStep(Runtime.java:298)<br>cucumber.runtime.StepDefinitionMatch.runStep(StepDefinitionMatch.java:37)<br>cucumber.runtime.java.JavaStepDefinition.execute(JavaStepDefinition.java:35)<br>cucumber.runtime.Utils.invoke(Utils.java:30)<br>cucumber.runtime.Timeout.timeout(Timeout.java:13)<br>cucumber.runtime.Utils$1.call(Utils.java:34)<br>java.lang.reflect.Method.invoke(Unknown Source)<br>sun.reflect.DelegatingMethodAccessorImpl.invoke(Unknown Source)<br>sun.reflect.NativeMethodAccessorImpl.invoke(Unknown Source)<br>sun.reflect.NativeMethodAccessorImpl.invoke0(Native Method)<br>defFiles.TwsAutomation.loginIntoApplication(TwsAutomation.java:67)<br>Lib.Common.WebCtrlOperations.sendKeys(WebCtrlOperations.java:867)<br>Lib.Common.WebCtrlOperations.GetWebElement(WebCtrlOperations.java:423)<br></i><br> Feature File Name = [C:\Users\ajay.yapada\Desktop\auto\ADT_Resources\Tws_Automation\FeatureFiles\PageCreationsAndValidation\EditPageValidation.feature]<br>Browser URL - [https://www.awstpqa.com/login.asp]<br>Page Title - [Top Producer® Websites Customer Login]</td></tr>
<tr><td>2018/11/14 17:11:49</td><td bgcolor="Lavender">N/A</td><td>GetWebElement</td><td>Creating WebElement with locator = xpath and its value = //*[@type='submit']<br> <i> Stack Trace : java.lang.Thread.run(Unknown Source)<br>java.util.concurrent.ThreadPoolExecutor$Worker.run(Unknown Source)<br>java.util.concurrent.ThreadPoolExecutor.runWorker(Unknown Source)<br>Lib.Controller.ThreadRunner$1.run(ThreadRunner.java:334)<br>Lib.Controller.Driver.main(Driver.java:209)<br>Lib.Controller.Driver.run(Driver.java:313)<br>cucumber.runtime.Runtime.run(Runtime.java:108)<br>cucumber.runtime.Runtime.run(Runtime.java:120)<br>cucumber.runtime.model.CucumberFeature.run(CucumberFeature.java:154)<br>cucumber.runtime.model.CucumberScenario.run(CucumberScenario.java:48)<br>cucumber.runtime.model.StepContainer.runSteps(StepContainer.java:39)<br>cucumber.runtime.model.StepContainer.runStep(StepContainer.java:44)<br>cucumber.runtime.Runtime.runStep(Runtime.java:298)<br>cucumber.runtime.StepDefinitionMatch.runStep(StepDefinitionMatch.java:37)<br>cucumber.runtime.java.JavaStepDefinition.execute(JavaStepDefinition.java:35)<br>cucumber.runtime.Utils.invoke(Utils.java:30)<br>cucumber.runtime.Timeout.timeout(Timeout.java:13)<br>cucumber.runtime.Utils$1.call(Utils.java:34)<br>java.lang.reflect.Method.invoke(Unknown Source)<br>sun.reflect.DelegatingMethodAccessorImpl.invoke(Unknown Source)<br>sun.reflect.NativeMethodAccessorImpl.invoke(Unknown Source)<br>sun.reflect.NativeMethodAccessorImpl.invoke0(Native Method)<br>defFiles.TwsAutomation.loginIntoApplication(TwsAutomation.java:68)<br>Lib.Common.WebCtrlOperations.clickOnElement(WebCtrlOperations.java:769)<br>Lib.Common.WebCtrlOperations.GetWebElement(WebCtrlOperations.java:423)<br></i><br> Feature File Name = [C:\Users\ajay.yapada\Desktop\auto\ADT_Resources\Tws_Automation\FeatureFiles\PageCreationsAndValidation\EditPageValidation.feature]<br>Browser URL - [https://www.awstpqa.com/login.asp]<br>Page Title - [Top Producer® Websites Customer Login]</td></tr>
<tr><td>2018/11/14 17:11:56</td><td bgcolor="DarkGreen">PASSED</td><td>loginIntoApplication</td><td>Successfully login in to tws application<br> <i> Stack Trace : java.lang.Thread.run(Unknown Source)<br>java.util.concurrent.ThreadPoolExecutor$Worker.run(Unknown Source)<br>java.util.concurrent.ThreadPoolExecutor.runWorker(Unknown Source)<br>Lib.Controller.ThreadRunner$1.run(ThreadRunner.java:334)<br>Lib.Controller.Driver.main(Driver.java:209)<br>Lib.Controller.Driver.run(Driver.java:313)<br>cucumber.runtime.Runtime.run(Runtime.java:108)<br>cucumber.runtime.Runtime.run(Runtime.java:120)<br>cucumber.runtime.model.CucumberFeature.run(CucumberFeature.java:154)<br>cucumber.runtime.model.CucumberScenario.run(CucumberScenario.java:48)<br>cucumber.runtime.model.StepContainer.runSteps(StepContainer.java:39)<br>cucumber.runtime.model.StepContainer.runStep(StepContainer.java:44)<br>cucumber.runtime.Runtime.runStep(Runtime.java:298)<br>cucumber.runtime.StepDefinitionMatch.runStep(StepDefinitionMatch.java:37)<br>cucumber.runtime.java.JavaStepDefinition.execute(JavaStepDefinition.java:35)<br>cucumber.runtime.Utils.invoke(Utils.java:30)<br>cucumber.runtime.Timeout.timeout(Timeout.java:13)<br>cucumber.runtime.Utils$1.call(Utils.java:34)<br>java.lang.reflect.Method.invoke(Unknown Source)<br>sun.reflect.DelegatingMethodAccessorImpl.invoke(Unknown Source)<br>sun.reflect.NativeMethodAccessorImpl.invoke(Unknown Source)<br>sun.reflect.NativeMethodAccessorImpl.invoke0(Native Method)<br>defFiles.TwsAutomation.loginIntoApplication(TwsAutomation.java:69)<br></i><br> Feature File Name = [C:\Users\ajay.yapada\Desktop\auto\ADT_Resources\Tws_Automation\FeatureFiles\PageCreationsAndValidation\EditPageValidation.feature]<br>Browser URL - [http://www.awstpqa.com/login/frameset.asp?i=9375&b=1&e=3&sid=48263&a=qareskin1&r=0&rdid={1C9D5555-C30E-4B43-B9C0-A1D2E0955309}]<br>Page Title - [Top Producer® Websites]</td></tr>
<tr><td>2018/11/14 17:11:56</td><td bgcolor="Lavender">N/A</td><td>GetWebElement</td><td>Creating WebElement with locator = xpath and its value = //*[@name='header']<br> <i> Stack Trace : java.lang.Thread.run(Unknown Source)<br>java.util.concurrent.ThreadPoolExecutor$Worker.run(Unknown Source)<br>java.util.concurrent.ThreadPoolExecutor.runWorker(Unknown Source)<br>Lib.Controller.ThreadRunner$1.run(ThreadRunner.java:334)<br>Lib.Controller.Driver.main(Driver.java:209)<br>Lib.Controller.Driver.run(Driver.java:313)<br>cucumber.runtime.Runtime.run(Runtime.java:108)<br>cucumber.runtime.Runtime.run(Runtime.java:120)<br>cucumber.runtime.model.CucumberFeature.run(CucumberFeature.java:154)<br>cucumber.runtime.model.CucumberScenario.run(CucumberScenario.java:48)<br>cucumber.runtime.model.StepContainer.runSteps(StepContainer.java:39)<br>cucumber.runtime.model.StepContainer.runStep(StepContainer.java:44)<br>cucumber.runtime.Runtime.runStep(Runtime.java:298)<br>cucumber.runtime.StepDefinitionMatch.runStep(StepDefinitionMatch.java:37)<br>cucumber.runtime.java.JavaStepDefinition.execute(JavaStepDefinition.java:35)<br>cucumber.runtime.Utils.invoke(Utils.java:30)<br>cucumber.runtime.Timeout.timeout(Timeout.java:13)<br>cucumber.runtime.Utils$1.call(Utils.java:34)<br>java.lang.reflect.Method.invoke(Unknown Source)<br>sun.reflect.DelegatingMethodAccessorImpl.invoke(Unknown Source)<br>sun.reflect.NativeMethodAccessorImpl.invoke(Unknown Source)<br>sun.reflect.NativeMethodAccessorImpl.invoke0(Native Method)<br>defFiles.TwsAutomation.MyAccountClick(TwsAutomation.java:164)<br>Lib.Common.WebCtrlOperations.GetWebElement(WebCtrlOperations.java:423)<br></i><br> Feature File Name = [C:\Users\ajay.yapada\Desktop\auto\ADT_Resources\Tws_Automation\FeatureFiles\PageCreationsAndValidation\EditPageValidation.feature]<br>Browser URL - [http://www.awstpqa.com/login/frameset.asp?i=9375&b=1&e=3&sid=48263&a=qareskin1&r=0&rdid={1C9D5555-C30E-4B43-B9C0-A1D2E0955309}]<br>Page Title - [Top Producer® Websites]</td></tr>
<tr><td>2018/11/14 17:11:57</td><td bgcolor="Lavender">N/A</td><td>GetWebElement</td><td>Creating WebElement with locator = xpath and its value = //a[contains(@title,'View and update your profile')]<br> <i> Stack Trace : java.lang.Thread.run(Unknown Source)<br>java.util.concurrent.ThreadPoolExecutor$Worker.run(Unknown Source)<br>java.util.concurrent.ThreadPoolExecutor.runWorker(Unknown Source)<br>Lib.Controller.ThreadRunner$1.run(ThreadRunner.java:334)<br>Lib.Controller.Driver.main(Driver.java:209)<br>Lib.Controller.Driver.run(Driver.java:313)<br>cucumber.runtime.Runtime.run(Runtime.java:108)<br>cucumber.runtime.Runtime.run(Runtime.java:120)<br>cucumber.runtime.model.CucumberFeature.run(CucumberFeature.java:154)<br>cucumber.runtime.model.CucumberScenario.run(CucumberScenario.java:48)<br>cucumber.runtime.model.StepContainer.runSteps(StepContainer.java:39)<br>cucumber.runtime.model.StepContainer.runStep(StepContainer.java:44)<br>cucumber.runtime.Runtime.runStep(Runtime.java:298)<br>cucumber.runtime.StepDefinitionMatch.runStep(StepDefinitionMatch.java:37)<br>cucumber.runtime.java.JavaStepDefinition.execute(JavaStepDefinition.java:35)<br>cucumber.runtime.Utils.invoke(Utils.java:30)<br>cucumber.runtime.Timeout.timeout(Timeout.java:13)<br>cucumber.runtime.Utils$1.call(Utils.java:34)<br>java.lang.reflect.Method.invoke(Unknown Source)<br>sun.reflect.DelegatingMethodAccessorImpl.invoke(Unknown Source)<br>sun.reflect.NativeMethodAccessorImpl.invoke(Unknown Source)<br>sun.reflect.NativeMethodAccessorImpl.invoke0(Native Method)<br>defFiles.TwsAutomation.MyAccountClick(TwsAutomation.java:167)<br>Lib.Common.WebCtrlOperations.clickOnElement(WebCtrlOperations.java:769)<br>Lib.Common.WebCtrlOperations.GetWebElement(WebCtrlOperations.java:423)<br></i><br> Feature File Name = [C:\Users\ajay.yapada\Desktop\auto\ADT_Resources\Tws_Automation\FeatureFiles\PageCreationsAndValidation\EditPageValidation.feature]<br>Browser URL - [http://www.awstpqa.com/login/frameset.asp?i=9375&b=1&e=3&sid=48263&a=qareskin1&r=0&rdid={1C9D5555-C30E-4B43-B9C0-A1D2E0955309}]<br>Page Title - [Top Producer® Websites]</td></tr>
<tr><td>2018/11/14 17:12:00</td><td bgcolor="Lavender">N/A</td><td>GetWebElement</td><td>Creating WebElement with locator = xpath and its value = //a[contains(@title,'View and update your profile')]<br> <i> Stack Trace : java.lang.Thread.run(Unknown Source)<br>java.util.concurrent.ThreadPoolExecutor$Worker.run(Unknown Source)<br>java.util.concurrent.ThreadPoolExecutor.runWorker(Unknown Source)<br>Lib.Controller.ThreadRunner$1.run(ThreadRunner.java:334)<br>Lib.Controller.Driver.main(Driver.java:209)<br>Lib.Controller.Driver.run(Driver.java:313)<br>cucumber.runtime.Runtime.run(Runtime.java:108)<br>cucumber.runtime.Runtime.run(Runtime.java:120)<br>cucumber.runtime.model.CucumberFeature.run(CucumberFeature.java:154)<br>cucumber.runtime.model.CucumberScenario.run(CucumberScenario.java:48)<br>cucumber.runtime.model.StepContainer.runSteps(StepContainer.java:39)<br>cucumber.runtime.model.StepContainer.runStep(StepContainer.java:44)<br>cucumber.runtime.Runtime.runStep(Runtime.java:298)<br>cucumber.runtime.StepDefinitionMatch.runStep(StepDefinitionMatch.java:37)<br>cucumber.runtime.java.JavaStepDefinition.execute(JavaStepDefinition.java:35)<br>cucumber.runtime.Utils.invoke(Utils.java:30)<br>cucumber.runtime.Timeout.timeout(Timeout.java:13)<br>cucumber.runtime.Utils$1.call(Utils.java:34)<br>java.lang.reflect.Method.invoke(Unknown Source)<br>sun.reflect.DelegatingMethodAccessorImpl.invoke(Unknown Source)<br>sun.reflect.NativeMethodAccessorImpl.invoke(Unknown Source)<br>sun.reflect.NativeMethodAccessorImpl.invoke0(Native Method)<br>defFiles.TwsAutomation.MyAccountClick(TwsAutomation.java:168)<br>Lib.Common.WebCtrlOperations.isDisplayedCustomised(WebCtrlOperations.java:1632)<br>Lib.Common.WebCtrlOperations.GetWebElement(WebCtrlOperations.java:423)<br></i><br> Feature File Name = [C:\Users\ajay.yapada\Desktop\auto\ADT_Resources\Tws_Automation\FeatureFiles\PageCreationsAndValidation\EditPageValidation.feature]<br>Browser URL - [http://www.awstpqa.com/login/frameset.asp?i=9375&b=1&e=3&sid=48263&a=qareskin1&r=0&rdid={1C9D5555-C30E-4B43-B9C0-A1D2E0955309}]<br>Page Title - [Top Producer® Websites]</td></tr>
<tr><td>2018/11/14 17:12:00</td><td bgcolor="DarkGreen">PASSED</td><td>Manage your account details and profile information</td><td>Manage your account details and profile information is available Tws/AdminHeader<br> <i> Stack Trace : java.lang.Thread.run(Unknown Source)<br>java.util.concurrent.ThreadPoolExecutor$Worker.run(Unknown Source)<br>java.util.concurrent.ThreadPoolExecutor.runWorker(Unknown Source)<br>Lib.Controller.ThreadRunner$1.run(ThreadRunner.java:334)<br>Lib.Controller.Driver.main(Driver.java:209)<br>Lib.Controller.Driver.run(Driver.java:313)<br>cucumber.runtime.Runtime.run(Runtime.java:108)<br>cucumber.runtime.Runtime.run(Runtime.java:120)<br>cucumber.runtime.model.CucumberFeature.run(CucumberFeature.java:154)<br>cucumber.runtime.model.CucumberScenario.run(CucumberScenario.java:48)<br>cucumber.runtime.model.StepContainer.runSteps(StepContainer.java:39)<br>cucumber.runtime.model.StepContainer.runStep(StepContainer.java:44)<br>cucumber.runtime.Runtime.runStep(Runtime.java:298)<br>cucumber.runtime.StepDefinitionMatch.runStep(StepDefinitionMatch.java:37)<br>cucumber.runtime.java.JavaStepDefinition.execute(JavaStepDefinition.java:35)<br>cucumber.runtime.Utils.invoke(Utils.java:30)<br>cucumber.runtime.Timeout.timeout(Timeout.java:13)<br>cucumber.runtime.Utils$1.call(Utils.java:34)<br>java.lang.reflect.Method.invoke(Unknown Source)<br>sun.reflect.DelegatingMethodAccessorImpl.invoke(Unknown Source)<br>sun.reflect.NativeMethodAccessorImpl.invoke(Unknown Source)<br>sun.reflect.NativeMethodAccessorImpl.invoke0(Native Method)<br>defFiles.TwsAutomation.MyAccountClick(TwsAutomation.java:168)<br>Lib.Common.WebCtrlOperations.isDisplayedCustomised(WebCtrlOperations.java:1638)<br></i><br> Feature File Name = [C:\Users\ajay.yapada\Desktop\auto\ADT_Resources\Tws_Automation\FeatureFiles\PageCreationsAndValidation\EditPageValidation.feature]<br>Browser URL - [http://www.awstpqa.com/login/frameset.asp?i=9375&b=1&e=3&sid=48263&a=qareskin1&r=0&rdid={1C9D5555-C30E-4B43-B9C0-A1D2E0955309}]<br>Page Title - [Top Producer® Websites]</td></tr>
<tr><td>2018/11/14 17:12:00</td><td bgcolor="DarkGreen">PASSED</td><td>MyaccountClick</td><td>Successfully Clicked on Account tab and Manage your account details and profile informationis displayed<br> <i> Stack Trace : java.lang.Thread.run(Unknown Source)<br>java.util.concurrent.ThreadPoolExecutor$Worker.run(Unknown Source)<br>java.util.concurrent.ThreadPoolExecutor.runWorker(Unknown Source)<br>Lib.Controller.ThreadRunner$1.run(ThreadRunner.java:334)<br>Lib.Controller.Driver.main(Driver.java:209)<br>Lib.Controller.Driver.run(Driver.java:313)<br>cucumber.runtime.Runtime.run(Runtime.java:108)<br>cucumber.runtime.Runtime.run(Runtime.java:120)<br>cucumber.runtime.model.CucumberFeature.run(CucumberFeature.java:154)<br>cucumber.runtime.model.CucumberScenario.run(CucumberScenario.java:48)<br>cucumber.runtime.model.StepContainer.runSteps(StepContainer.java:39)<br>cucumber.runtime.model.StepContainer.runStep(StepContainer.java:44)<br>cucumber.runtime.Runtime.runStep(Runtime.java:298)<br>cucumber.runtime.StepDefinitionMatch.runStep(StepDefinitionMatch.java:37)<br>cucumber.runtime.java.JavaStepDefinition.execute(JavaStepDefinition.java:35)<br>cucumber.runtime.Utils.invoke(Utils.java:30)<br>cucumber.runtime.Timeout.timeout(Timeout.java:13)<br>cucumber.runtime.Utils$1.call(Utils.java:34)<br>java.lang.reflect.Method.invoke(Unknown Source)<br>sun.reflect.DelegatingMethodAccessorImpl.invoke(Unknown Source)<br>sun.reflect.NativeMethodAccessorImpl.invoke(Unknown Source)<br>sun.reflect.NativeMethodAccessorImpl.invoke0(Native Method)<br>defFiles.TwsAutomation.MyAccountClick(TwsAutomation.java:169)<br></i><br> Feature File Name = [C:\Users\ajay.yapada\Desktop\auto\ADT_Resources\Tws_Automation\FeatureFiles\PageCreationsAndValidation\EditPageValidation.feature]<br>Browser URL - [http://www.awstpqa.com/login/frameset.asp?i=9375&b=1&e=3&sid=48263&a=qareskin1&r=0&rdid={1C9D5555-C30E-4B43-B9C0-A1D2E0955309}]<br>Page Title - [Top Producer® Websites]</td></tr>
<tr><td>2018/11/14 17:12:12</td><td bgcolor="Lavender">N/A</td><td>GetWebElement</td><td>Creating WebElement with locator = xpath and its value = //*[@name='main_frame']<br> <i> Stack Trace : java.lang.Thread.run(Unknown Source)<br>java.util.concurrent.ThreadPoolExecutor$Worker.run(Unknown Source)<br>java.util.concurrent.ThreadPoolExecutor.runWorker(Unknown Source)<br>Lib.Controller.ThreadRunner$1.run(ThreadRunner.java:334)<br>Lib.Controller.Driver.main(Driver.java:209)<br>Lib.Controller.Driver.run(Driver.java:313)<br>cucumber.runtime.Runtime.run(Runtime.java:108)<br>cucumber.runtime.Runtime.run(Runtime.java:120)<br>cucumber.runtime.model.CucumberFeature.run(CucumberFeature.java:154)<br>cucumber.runtime.model.CucumberScenario.run(CucumberScenario.java:48)<br>cucumber.runtime.model.StepContainer.runSteps(StepContainer.java:39)<br>cucumber.runtime.model.StepContainer.runStep(StepContainer.java:44)<br>cucumber.runtime.Runtime.runStep(Runtime.java:298)<br>cucumber.runtime.StepDefinitionMatch.runStep(StepDefinitionMatch.java:37)<br>cucumber.runtime.java.JavaStepDefinition.execute(JavaStepDefinition.java:35)<br>cucumber.runtime.Utils.invoke(Utils.java:30)<br>cucumber.runtime.Timeout.timeout(Timeout.java:13)<br>cucumber.runtime.Utils$1.call(Utils.java:34)<br>java.lang.reflect.Method.invoke(Unknown Source)<br>sun.reflect.DelegatingMethodAccessorImpl.invoke(Unknown Source)<br>sun.reflect.NativeMethodAccessorImpl.invoke(Unknown Source)<br>sun.reflect.NativeMethodAccessorImpl.invoke0(Native Method)<br>defFiles.TwsAutomation.MyProfile(TwsAutomation.java:190)<br>Lib.Common.WebCtrlOperations.GetWebElement(WebCtrlOperations.java:423)<br></i><br> Feature File Name = [C:\Users\ajay.yapada\Desktop\auto\ADT_Resources\Tws_Automation\FeatureFiles\PageCreationsAndValidation\EditPageValidation.feature]<br>Browser URL - [http://www.awstpqa.com/login/frameset.asp?i=9375&b=1&e=3&sid=48263&a=qareskin1&r=0&rdid={1C9D5555-C30E-4B43-B9C0-A1D2E0955309}]<br>Page Title - [Top Producer® Websites]</td></tr>
<tr><td>2018/11/14 17:12:14</td><td bgcolor="Lavender">N/A</td><td>GetWebElement</td><td>Creating WebElement with locator = xpath and its value = //frame[@src='account/acct_header.asp']<br> <i> Stack Trace : java.lang.Thread.run(Unknown Source)<br>java.util.concurrent.ThreadPoolExecutor$Worker.run(Unknown Source)<br>java.util.concurrent.ThreadPoolExecutor.runWorker(Unknown Source)<br>Lib.Controller.ThreadRunner$1.run(ThreadRunner.java:334)<br>Lib.Controller.Driver.main(Driver.java:209)<br>Lib.Controller.Driver.run(Driver.java:313)<br>cucumber.runtime.Runtime.run(Runtime.java:108)<br>cucumber.runtime.Runtime.run(Runtime.java:120)<br>cucumber.runtime.model.CucumberFeature.run(CucumberFeature.java:154)<br>cucumber.runtime.model.CucumberScenario.run(CucumberScenario.java:48)<br>cucumber.runtime.model.StepContainer.runSteps(StepContainer.java:39)<br>cucumber.runtime.model.StepContainer.runStep(StepContainer.java:44)<br>cucumber.runtime.Runtime.runStep(Runtime.java:298)<br>cucumber.runtime.StepDefinitionMatch.runStep(StepDefinitionMatch.java:37)<br>cucumber.runtime.java.JavaStepDefinition.execute(JavaStepDefinition.java:35)<br>cucumber.runtime.Utils.invoke(Utils.java:30)<br>cucumber.runtime.Timeout.timeout(Timeout.java:13)<br>cucumber.runtime.Utils$1.call(Utils.java:34)<br>java.lang.reflect.Method.invoke(Unknown Source)<br>sun.reflect.DelegatingMethodAccessorImpl.invoke(Unknown Source)<br>sun.reflect.NativeMethodAccessorImpl.invoke(Unknown Source)<br>sun.reflect.NativeMethodAccessorImpl.invoke0(Native Method)<br>defFiles.TwsAutomation.MyProfile(TwsAutomation.java:193)<br>Lib.Common.WebCtrlOperations.GetWebElement(WebCtrlOperations.java:423)<br></i><br> Feature File Name = [C:\Users\ajay.yapada\Desktop\auto\ADT_Resources\Tws_Automation\FeatureFiles\PageCreationsAndValidation\EditPageValidation.feature]<br>Browser URL - [http://www.awstpqa.com/login/frameset.asp?i=9375&b=1&e=3&sid=48263&a=qareskin1&r=0&rdid={1C9D5555-C30E-4B43-B9C0-A1D2E0955309}]<br>Page Title - [Top Producer® Websites]</td></tr>
<tr><td>2018/11/14 17:12:14</td><td bgcolor="DarkGreen">PASSED</td><td>myProfileDetailentryValidation</td><td>Successfully Clicked on Home tab and Your profile information is displayed on every page of your Web site. Import or edit your profile belowis displayed<br> <i> Stack Trace : java.lang.Thread.run(Unknown Source)<br>java.util.concurrent.ThreadPoolExecutor$Worker.run(Unknown Source)<br>java.util.concurrent.ThreadPoolExecutor.runWorker(Unknown Source)<br>Lib.Controller.ThreadRunner$1.run(ThreadRunner.java:334)<br>Lib.Controller.Driver.main(Driver.java:209)<br>Lib.Controller.Driver.run(Driver.java:313)<br>cucumber.runtime.Runtime.run(Runtime.java:108)<br>cucumber.runtime.Runtime.run(Runtime.java:120)<br>cucumber.runtime.model.CucumberFeature.run(CucumberFeature.java:154)<br>cucumber.runtime.model.CucumberScenario.run(CucumberScenario.java:48)<br>cucumber.runtime.model.StepContainer.runSteps(StepContainer.java:39)<br>cucumber.runtime.model.StepContainer.runStep(StepContainer.java:44)<br>cucumber.runtime.Runtime.runStep(Runtime.java:298)<br>cucumber.runtime.StepDefinitionMatch.runStep(StepDefinitionMatch.java:37)<br>cucumber.runtime.java.JavaStepDefinition.execute(JavaStepDefinition.java:35)<br>cucumber.runtime.Utils.invoke(Utils.java:30)<br>cucumber.runtime.Timeout.timeout(Timeout.java:13)<br>cucumber.runtime.Utils$1.call(Utils.java:34)<br>java.lang.reflect.Method.invoke(Unknown Source)<br>sun.reflect.DelegatingMethodAccessorImpl.invoke(Unknown Source)<br>sun.reflect.NativeMethodAccessorImpl.invoke(Unknown Source)<br>sun.reflect.NativeMethodAccessorImpl.invoke0(Native Method)<br>defFiles.TwsAutomation.MyProfile(TwsAutomation.java:197)<br></i><br> Feature File Name = [C:\Users\ajay.yapada\Desktop\auto\ADT_Resources\Tws_Automation\FeatureFiles\PageCreationsAndValidation\EditPageValidation.feature]<br>Browser URL - [http://www.awstpqa.com/login/frameset.asp?i=9375&b=1&e=3&sid=48263&a=qareskin1&r=0&rdid={1C9D5555-C30E-4B43-B9C0-A1D2E0955309}]<br>Page Title - [Top Producer® Websites]</td></tr>
<tr><td>2018/11/14 17:12:45</td><td bgcolor="Red">FAILED</td><td><a href="myProfileDetailentryValidation1542195765949.jpg" target="_blank">myProfileDetailentryValidation</a></td><td>text not cleared<br> <i> Stack Trace : java.lang.Thread.run(Unknown Source)<br>java.util.concurrent.ThreadPoolExecutor$Worker.run(Unknown Source)<br>java.util.concurrent.ThreadPoolExecutor.runWorker(Unknown Source)<br>Lib.Controller.ThreadRunner$1.run(ThreadRunner.java:334)<br>Lib.Controller.Driver.main(Driver.java:209)<br>Lib.Controller.Driver.run(Driver.java:313)<br>cucumber.runtime.Runtime.run(Runtime.java:108)<br>cucumber.runtime.Runtime.run(Runtime.java:120)<br>cucumber.runtime.model.CucumberFeature.run(CucumberFeature.java:154)<br>cucumber.runtime.model.CucumberScenario.run(CucumberScenario.java:48)<br>cucumber.runtime.model.StepContainer.runSteps(StepContainer.java:39)<br>cucumber.runtime.model.StepContainer.runStep(StepContainer.java:44)<br>cucumber.runtime.Runtime.runStep(Runtime.java:298)<br>cucumber.runtime.StepDefinitionMatch.runStep(StepDefinitionMatch.java:37)<br>cucumber.runtime.java.JavaStepDefinition.execute(JavaStepDefinition.java:35)<br>cucumber.runtime.Utils.invoke(Utils.java:30)<br>cucumber.runtime.Timeout.timeout(Timeout.java:13)<br>cucumber.runtime.Utils$1.call(Utils.java:34)<br>java.lang.reflect.Method.invoke(Unknown Source)<br>sun.reflect.DelegatingMethodAccessorImpl.invoke(Unknown Source)<br>sun.reflect.NativeMethodAccessorImpl.invoke(Unknown Source)<br>sun.reflect.NativeMethodAccessorImpl.invoke0(Native Method)<br>defFiles.TwsAutomation.MyProfile(TwsAutomation.java:223)<br></i><br> Feature File Name = [C:\Users\ajay.yapada\Desktop\auto\ADT_Resources\Tws_Automation\FeatureFiles\PageCreationsAndValidation\EditPageValidation.feature]<br>Browser URL - [http://www.awstpqa.com/login/frameset.asp?i=9375&b=1&e=3&sid=48263&a=qareskin1&r=0&rdid={1C9D5555-C30E-4B43-B9C0-A1D2E0955309}]<br>Page Title - [Top Producer® Websites]</td></tr>
<tr><td>2018/11/14 17:12:48</td><td bgcolor="Moccasin">INFO</td><td>afterScenario</td><td>Closing the Browser Instance<br> <i> Stack Trace : java.lang.Thread.run(Unknown Source)<br>java.util.concurrent.ThreadPoolExecutor$Worker.run(Unknown Source)<br>java.util.concurrent.ThreadPoolExecutor.runWorker(Unknown Source)<br>Lib.Controller.ThreadRunner$1.run(ThreadRunner.java:334)<br>Lib.Controller.Driver.main(Driver.java:209)<br>Lib.Controller.Driver.run(Driver.java:313)<br>cucumber.runtime.Runtime.run(Runtime.java:108)<br>cucumber.runtime.Runtime.run(Runtime.java:120)<br>cucumber.runtime.model.CucumberFeature.run(CucumberFeature.java:154)<br>cucumber.runtime.model.CucumberScenario.run(CucumberScenario.java:50)<br>cucumber.runtime.Runtime.runAfterHooks(Runtime.java:204)<br>cucumber.runtime.Runtime.runHooks(Runtime.java:210)<br>cucumber.runtime.Runtime.runHookIfTagsMatch(Runtime.java:222)<br>cucumber.runtime.java.JavaHookDefinition.execute(JavaHookDefinition.java:59)<br>cucumber.runtime.Utils.invoke(Utils.java:30)<br>cucumber.runtime.Timeout.timeout(Timeout.java:13)<br>cucumber.runtime.Utils$1.call(Utils.java:34)<br>java.lang.reflect.Method.invoke(Unknown Source)<br>sun.reflect.DelegatingMethodAccessorImpl.invoke(Unknown Source)<br>sun.reflect.NativeMethodAccessorImpl.invoke(Unknown Source)<br>sun.reflect.NativeMethodAccessorImpl.invoke0(Native Method)<br>defFiles.Common.afterScenario(Common.java:106)<br></i><br> Feature File Name = [C:\Users\ajay.yapada\Desktop\auto\ADT_Resources\Tws_Automation\FeatureFiles\PageCreationsAndValidation\EditPageValidation.feature]<br><b>Unable to get the URL and Page title because the browser is not open</b></td></tr>
<tr><td>2018/11/14 17:12:48</td><td bgcolor="Lavender">N/A</td><td>run</td><td>Printing the missing Step defenition/s<br> <i> Stack Trace : java.lang.Thread.run(Unknown Source)<br>java.util.concurrent.ThreadPoolExecutor$Worker.run(Unknown Source)<br>java.util.concurrent.ThreadPoolExecutor.runWorker(Unknown Source)<br>Lib.Controller.ThreadRunner$1.run(ThreadRunner.java:334)<br>Lib.Controller.Driver.main(Driver.java:209)<br>Lib.Controller.Driver.run(Driver.java:317)<br></i><br> Feature File Name = [C:\Users\ajay.yapada\Desktop\auto\ADT_Resources\Tws_Automation\FeatureFiles\PageCreationsAndValidation\EditPageValidation.feature]<br><b>Unable to get the URL and Page title because the browser is not open</b></td></tr>
<tr><td>2018/11/14 17:12:48</td><td bgcolor="Lavender">N/A</td><td>run</td><td>@Given("^I want to write a step with edit$")
public void i_want_to_write_a_step_with_edit() throws Throwable {
    // Write code here that turns the phrase above into concrete actions
    throw new PendingException();
}
<br> <i> Stack Trace : java.lang.Thread.run(Unknown Source)<br>java.util.concurrent.ThreadPoolExecutor$Worker.run(Unknown Source)<br>java.util.concurrent.ThreadPoolExecutor.runWorker(Unknown Source)<br>Lib.Controller.ThreadRunner$1.run(ThreadRunner.java:334)<br>Lib.Controller.Driver.main(Driver.java:209)<br>Lib.Controller.Driver.run(Driver.java:319)<br></i><br> Feature File Name = [C:\Users\ajay.yapada\Desktop\auto\ADT_Resources\Tws_Automation\FeatureFiles\PageCreationsAndValidation\EditPageValidation.feature]<br><b>Unable to get the URL and Page title because the browser is not open</b></td></tr>
<tr><td>2018/11/14 17:12:48</td><td bgcolor="Lavender">N/A</td><td>run</td><td>@When("^I check for the (\\d+) in step$")
public void i_check_for_the_in_step(int arg1) throws Throwable {
    // Write code here that turns the phrase above into concrete actions
    throw new PendingException();
}
<br> <i> Stack Trace : java.lang.Thread.run(Unknown Source)<br>java.util.concurrent.ThreadPoolExecutor$Worker.run(Unknown Source)<br>java.util.concurrent.ThreadPoolExecutor.runWorker(Unknown Source)<br>Lib.Controller.ThreadRunner$1.run(ThreadRunner.java:334)<br>Lib.Controller.Driver.main(Driver.java:209)<br>Lib.Controller.Driver.run(Driver.java:319)<br></i><br> Feature File Name = [C:\Users\ajay.yapada\Desktop\auto\ADT_Resources\Tws_Automation\FeatureFiles\PageCreationsAndValidation\EditPageValidation.feature]<br><b>Unable to get the URL and Page title because the browser is not open</b></td></tr>
<tr><td>2018/11/14 17:12:48</td><td bgcolor="Lavender">N/A</td><td>run</td><td>@Then("^I verify the success in step$")
public void i_verify_the_success_in_step() throws Throwable {
    // Write code here that turns the phrase above into concrete actions
    throw new PendingException();
}
<br> <i> Stack Trace : java.lang.Thread.run(Unknown Source)<br>java.util.concurrent.ThreadPoolExecutor$Worker.run(Unknown Source)<br>java.util.concurrent.ThreadPoolExecutor.runWorker(Unknown Source)<br>Lib.Controller.ThreadRunner$1.run(ThreadRunner.java:334)<br>Lib.Controller.Driver.main(Driver.java:209)<br>Lib.Controller.Driver.run(Driver.java:319)<br></i><br> Feature File Name = [C:\Users\ajay.yapada\Desktop\auto\ADT_Resources\Tws_Automation\FeatureFiles\PageCreationsAndValidation\EditPageValidation.feature]<br><b>Unable to get the URL and Page title because the browser is not open</b></td></tr>
<tr><td>2018/11/14 17:12:48</td><td bgcolor="Lavender">N/A</td><td>run</td><td>@Given("^I want to write a step with name(\\d+)$")
public void i_want_to_write_a_step_with_name(int arg1) throws Throwable {
    // Write code here that turns the phrase above into concrete actions
    throw new PendingException();
}
<br> <i> Stack Trace : java.lang.Thread.run(Unknown Source)<br>java.util.concurrent.ThreadPoolExecutor$Worker.run(Unknown Source)<br>java.util.concurrent.ThreadPoolExecutor.runWorker(Unknown Source)<br>Lib.Controller.ThreadRunner$1.run(ThreadRunner.java:334)<br>Lib.Controller.Driver.main(Driver.java:209)<br>Lib.Controller.Driver.run(Driver.java:319)<br></i><br> Feature File Name = [C:\Users\ajay.yapada\Desktop\auto\ADT_Resources\Tws_Automation\FeatureFiles\PageCreationsAndValidation\EditPageValidation.feature]<br><b>Unable to get the URL and Page title because the browser is not open</b></td></tr>
<tr><td>2018/11/14 17:12:48</td><td bgcolor="Lavender">N/A</td><td>run</td><td>@Then("^I verify the Fail in step$")
public void i_verify_the_Fail_in_step() throws Throwable {
    // Write code here that turns the phrase above into concrete actions
    throw new PendingException();
}
<br> <i> Stack Trace : java.lang.Thread.run(Unknown Source)<br>java.util.concurrent.ThreadPoolExecutor$Worker.run(Unknown Source)<br>java.util.concurrent.ThreadPoolExecutor.runWorker(Unknown Source)<br>Lib.Controller.ThreadRunner$1.run(ThreadRunner.java:334)<br>Lib.Controller.Driver.main(Driver.java:209)<br>Lib.Controller.Driver.run(Driver.java:319)<br></i><br> Feature File Name = [C:\Users\ajay.yapada\Desktop\auto\ADT_Resources\Tws_Automation\FeatureFiles\PageCreationsAndValidation\EditPageValidation.feature]<br><b>Unable to get the URL and Page title because the browser is not open</b></td></tr>
<tr><td>2018/11/14 17:12:48</td><td bgcolor="Lavender">N/A</td><td>run</td><td>Printing Cucumber RunTime Error/s<br> <i> Stack Trace : java.lang.Thread.run(Unknown Source)<br>java.util.concurrent.ThreadPoolExecutor$Worker.run(Unknown Source)<br>java.util.concurrent.ThreadPoolExecutor.runWorker(Unknown Source)<br>Lib.Controller.ThreadRunner$1.run(ThreadRunner.java:334)<br>Lib.Controller.Driver.main(Driver.java:209)<br>Lib.Controller.Driver.run(Driver.java:323)<br></i><br> Feature File Name = [C:\Users\ajay.yapada\Desktop\auto\ADT_Resources\Tws_Automation\FeatureFiles\PageCreationsAndValidation\EditPageValidation.feature]<br><b>Unable to get the URL and Page title because the browser is not open</b></td></tr>
<tr><td>2018/11/14 17:12:48</td><td bgcolor="Red">FAILED</td><td><a href="" target="_blank">run</a></td><td> File Name: Assert.java Method name: fail(86)<br> File Name: Assert.java Method name: assertTrue(41)<br> File Name: Assert.java Method name: assertTrue(52)<br> File Name: TwsAutomation.java Method name: MyProfile(224)<br> File Name: C:/Users/ajay.yapada/Desktop/auto/ADT_Resources/Tws_Automation/FeatureFiles/PageCreationsAndValidation/EditPageValidation.feature Method name: Then I am clicking on myProfile"ManageMyPages"(28)<br><br>Complete Error Message: null<br><br> <i> Stack Trace : java.lang.Thread.run(Unknown Source)<br>java.util.concurrent.ThreadPoolExecutor$Worker.run(Unknown Source)<br>java.util.concurrent.ThreadPoolExecutor.runWorker(Unknown Source)<br>Lib.Controller.ThreadRunner$1.run(ThreadRunner.java:334)<br>Lib.Controller.Driver.main(Driver.java:209)<br>Lib.Controller.Driver.run(Driver.java:331)<br></i><br> Feature File Name = [C:\Users\ajay.yapada\Desktop\auto\ADT_Resources\Tws_Automation\FeatureFiles\PageCreationsAndValidation\EditPageValidation.feature]<br><b>Unable to get the URL and Page title because the browser is not open</b></td></tr>
