<tr><td>2017/10/31 11:51:34</td><td bgcolor="Lavender">N/A</td><td>main</td><td>Base path for the test = C:\New Selenium\Salesforce_QA_Automation\ADT_Resources\<br> <i> Stack Trace : java.lang.Thread.run(Unknown Source)<br>java.util.concurrent.ThreadPoolExecutor$Worker.run(Unknown Source)<br>java.util.concurrent.ThreadPoolExecutor.runWorker(Unknown Source)<br>Lib.Controller.ThreadRunner$1.run(ThreadRunner.java:334)<br>Lib.Controller.Driver.main(Driver.java:201)<br></i><br><b>Unable to get the URL and Page title because the browser is not open</b></td></tr>
<tr><td>2017/10/31 11:51:34</td><td bgcolor="Lavender">N/A</td><td>main</td><td>Current Thread Name for the test is "pool-1-thread-1"<br> <i> Stack Trace : java.lang.Thread.run(Unknown Source)<br>java.util.concurrent.ThreadPoolExecutor$Worker.run(Unknown Source)<br>java.util.concurrent.ThreadPoolExecutor.runWorker(Unknown Source)<br>Lib.Controller.ThreadRunner$1.run(ThreadRunner.java:334)<br>Lib.Controller.Driver.main(Driver.java:202)<br></i><br><b>Unable to get the URL and Page title because the browser is not open</b></td></tr>
<tr><td>2017/10/31 11:51:57</td><td bgcolor="Moccasin">INFO</td><td>loginSFPages</td><td>The user has launched 'LandingPage<br> <i> Stack Trace : java.lang.Thread.run(Unknown Source)<br>java.util.concurrent.ThreadPoolExecutor$Worker.run(Unknown Source)<br>java.util.concurrent.ThreadPoolExecutor.runWorker(Unknown Source)<br>Lib.Controller.ThreadRunner$1.run(ThreadRunner.java:334)<br>Lib.Controller.Driver.main(Driver.java:209)<br>Lib.Controller.Driver.run(Driver.java:313)<br>cucumber.runtime.Runtime.run(Runtime.java:108)<br>cucumber.runtime.Runtime.run(Runtime.java:120)<br>cucumber.runtime.model.CucumberFeature.run(CucumberFeature.java:154)<br>cucumber.runtime.model.CucumberScenarioOutline.run(CucumberScenarioOutline.java:46)<br>cucumber.runtime.model.CucumberScenario.run(CucumberScenario.java:48)<br>cucumber.runtime.model.StepContainer.runSteps(StepContainer.java:39)<br>cucumber.runtime.model.StepContainer.runStep(StepContainer.java:44)<br>cucumber.runtime.Runtime.runStep(Runtime.java:298)<br>cucumber.runtime.StepDefinitionMatch.runStep(StepDefinitionMatch.java:37)<br>cucumber.runtime.java.JavaStepDefinition.execute(JavaStepDefinition.java:35)<br>cucumber.runtime.Utils.invoke(Utils.java:30)<br>cucumber.runtime.Timeout.timeout(Timeout.java:13)<br>cucumber.runtime.Utils$1.call(Utils.java:34)<br>java.lang.reflect.Method.invoke(Unknown Source)<br>sun.reflect.DelegatingMethodAccessorImpl.invoke(Unknown Source)<br>sun.reflect.NativeMethodAccessorImpl.invoke(Unknown Source)<br>sun.reflect.NativeMethodAccessorImpl.invoke0(Native Method)<br>defFiles.LandingPage.loginSFPages(LandingPage.java:81)<br></i><br> Feature File Name = [C:\New Selenium\Salesforce_QA_Automation\ADT_Resources\SalesForce\FeatureFiles\AUTO_RENEWALS_AUTOMATIONS\AR_LANDING_PAGE\ARLandingPage_DoNotRenewAcceptOffer.feature]<br>Browser URL - [https://qa-renewals.realtor.com/?purl=DustinBaertschLQ0ZXD&qdt=Nov-2017&acctype=agent]<br>Page Title - [realtor.com® Solution Renewals]</td></tr>
<tr><td>2017/10/31 11:51:57</td><td bgcolor="DarkGreen">PASSED</td><td>verifyHP</td><td>Successfully navigated to LandingHome page<br> <i> Stack Trace : java.lang.Thread.run(Unknown Source)<br>java.util.concurrent.ThreadPoolExecutor$Worker.run(Unknown Source)<br>java.util.concurrent.ThreadPoolExecutor.runWorker(Unknown Source)<br>Lib.Controller.ThreadRunner$1.run(ThreadRunner.java:334)<br>Lib.Controller.Driver.main(Driver.java:209)<br>Lib.Controller.Driver.run(Driver.java:313)<br>cucumber.runtime.Runtime.run(Runtime.java:108)<br>cucumber.runtime.Runtime.run(Runtime.java:120)<br>cucumber.runtime.model.CucumberFeature.run(CucumberFeature.java:154)<br>cucumber.runtime.model.CucumberScenarioOutline.run(CucumberScenarioOutline.java:46)<br>cucumber.runtime.model.CucumberScenario.run(CucumberScenario.java:48)<br>cucumber.runtime.model.StepContainer.runSteps(StepContainer.java:39)<br>cucumber.runtime.model.StepContainer.runStep(StepContainer.java:44)<br>cucumber.runtime.Runtime.runStep(Runtime.java:298)<br>cucumber.runtime.StepDefinitionMatch.runStep(StepDefinitionMatch.java:37)<br>cucumber.runtime.java.JavaStepDefinition.execute(JavaStepDefinition.java:35)<br>cucumber.runtime.Utils.invoke(Utils.java:30)<br>cucumber.runtime.Timeout.timeout(Timeout.java:13)<br>cucumber.runtime.Utils$1.call(Utils.java:34)<br>java.lang.reflect.Method.invoke(Unknown Source)<br>sun.reflect.DelegatingMethodAccessorImpl.invoke(Unknown Source)<br>sun.reflect.NativeMethodAccessorImpl.invoke(Unknown Source)<br>sun.reflect.NativeMethodAccessorImpl.invoke0(Native Method)<br>defFiles.SalesForce.verifyHP(SalesForce.java:173)<br></i><br> Feature File Name = [C:\New Selenium\Salesforce_QA_Automation\ADT_Resources\SalesForce\FeatureFiles\AUTO_RENEWALS_AUTOMATIONS\AR_LANDING_PAGE\ARLandingPage_DoNotRenewAcceptOffer.feature]<br>Browser URL - [https://qa-renewals.realtor.com/?purl=DustinBaertschLQ0ZXD&qdt=Nov-2017&acctype=agent]<br>Page Title - [realtor.com® Solution Renewals]</td></tr>
<tr><td>2017/10/31 11:51:57</td><td bgcolor="DarkGreen">PASSED</td><td>C:\New Selenium\Salesforce_QA_Automation\ADT_Resources\</td><td>File path is = C:\New Selenium\Salesforce_QA_Automation\ADT_Resources\ .<br> <i> Stack Trace : java.lang.Thread.run(Unknown Source)<br>java.util.concurrent.ThreadPoolExecutor$Worker.run(Unknown Source)<br>java.util.concurrent.ThreadPoolExecutor.runWorker(Unknown Source)<br>Lib.Controller.ThreadRunner$1.run(ThreadRunner.java:334)<br>Lib.Controller.Driver.main(Driver.java:209)<br>Lib.Controller.Driver.run(Driver.java:313)<br>cucumber.runtime.Runtime.run(Runtime.java:108)<br>cucumber.runtime.Runtime.run(Runtime.java:120)<br>cucumber.runtime.model.CucumberFeature.run(CucumberFeature.java:154)<br>cucumber.runtime.model.CucumberScenarioOutline.run(CucumberScenarioOutline.java:46)<br>cucumber.runtime.model.CucumberScenario.run(CucumberScenario.java:48)<br>cucumber.runtime.model.StepContainer.runSteps(StepContainer.java:39)<br>cucumber.runtime.model.StepContainer.runStep(StepContainer.java:44)<br>cucumber.runtime.Runtime.runStep(Runtime.java:298)<br>cucumber.runtime.StepDefinitionMatch.runStep(StepDefinitionMatch.java:37)<br>cucumber.runtime.java.JavaStepDefinition.execute(JavaStepDefinition.java:35)<br>cucumber.runtime.Utils.invoke(Utils.java:30)<br>cucumber.runtime.Timeout.timeout(Timeout.java:13)<br>cucumber.runtime.Utils$1.call(Utils.java:34)<br>java.lang.reflect.Method.invoke(Unknown Source)<br>sun.reflect.DelegatingMethodAccessorImpl.invoke(Unknown Source)<br>sun.reflect.NativeMethodAccessorImpl.invoke(Unknown Source)<br>sun.reflect.NativeMethodAccessorImpl.invoke0(Native Method)<br>defFiles.LandingPage.RenewalPage(LandingPage.java:109)<br></i><br> Feature File Name = [C:\New Selenium\Salesforce_QA_Automation\ADT_Resources\SalesForce\FeatureFiles\AUTO_RENEWALS_AUTOMATIONS\AR_LANDING_PAGE\ARLandingPage_DoNotRenewAcceptOffer.feature]<br>Browser URL - [https://qa-renewals.realtor.com/?purl=DustinBaertschLQ0ZXD&qdt=Nov-2017&acctype=agent]<br>Page Title - [realtor.com® Solution Renewals]</td></tr>
<tr><td>2017/10/31 11:52:05</td><td bgcolor="Lavender">N/A</td><td>GetWebElement</td><td>Creating WebElement with locator = xpath and its value = //*[@id='btn-continue']<br> <i> Stack Trace : java.lang.Thread.run(Unknown Source)<br>java.util.concurrent.ThreadPoolExecutor$Worker.run(Unknown Source)<br>java.util.concurrent.ThreadPoolExecutor.runWorker(Unknown Source)<br>Lib.Controller.ThreadRunner$1.run(ThreadRunner.java:334)<br>Lib.Controller.Driver.main(Driver.java:209)<br>Lib.Controller.Driver.run(Driver.java:313)<br>cucumber.runtime.Runtime.run(Runtime.java:108)<br>cucumber.runtime.Runtime.run(Runtime.java:120)<br>cucumber.runtime.model.CucumberFeature.run(CucumberFeature.java:154)<br>cucumber.runtime.model.CucumberScenarioOutline.run(CucumberScenarioOutline.java:46)<br>cucumber.runtime.model.CucumberScenario.run(CucumberScenario.java:48)<br>cucumber.runtime.model.StepContainer.runSteps(StepContainer.java:39)<br>cucumber.runtime.model.StepContainer.runStep(StepContainer.java:44)<br>cucumber.runtime.Runtime.runStep(Runtime.java:298)<br>cucumber.runtime.StepDefinitionMatch.runStep(StepDefinitionMatch.java:37)<br>cucumber.runtime.java.JavaStepDefinition.execute(JavaStepDefinition.java:35)<br>cucumber.runtime.Utils.invoke(Utils.java:30)<br>cucumber.runtime.Timeout.timeout(Timeout.java:13)<br>cucumber.runtime.Utils$1.call(Utils.java:34)<br>java.lang.reflect.Method.invoke(Unknown Source)<br>sun.reflect.DelegatingMethodAccessorImpl.invoke(Unknown Source)<br>sun.reflect.NativeMethodAccessorImpl.invoke(Unknown Source)<br>sun.reflect.NativeMethodAccessorImpl.invoke0(Native Method)<br>defFiles.LandingPage.RenewalPage(LandingPage.java:156)<br>defFiles.LandingPage.clickOnLandingButton(LandingPage.java:49)<br>Lib.Common.WebCtrlOperations.clickOnElement(WebCtrlOperations.java:2028)<br>Lib.Common.WebCtrlOperations.GetWebElement(WebCtrlOperations.java:1682)<br></i><br> Feature File Name = [C:\New Selenium\Salesforce_QA_Automation\ADT_Resources\SalesForce\FeatureFiles\AUTO_RENEWALS_AUTOMATIONS\AR_LANDING_PAGE\ARLandingPage_DoNotRenewAcceptOffer.feature]<br>Browser URL - [https://qa-renewals.realtor.com/?purl=DustinBaertschLQ0ZXD&qdt=Nov-2017&acctype=agent]<br>Page Title - [realtor.com® Solution Renewals]</td></tr>
<tr><td>2017/10/31 11:52:08</td><td bgcolor="DarkGreen">PASSED</td><td>ContinueBtn</td><td>Successfully clicked on ContinueBtn .<br> <i> Stack Trace : java.lang.Thread.run(Unknown Source)<br>java.util.concurrent.ThreadPoolExecutor$Worker.run(Unknown Source)<br>java.util.concurrent.ThreadPoolExecutor.runWorker(Unknown Source)<br>Lib.Controller.ThreadRunner$1.run(ThreadRunner.java:334)<br>Lib.Controller.Driver.main(Driver.java:209)<br>Lib.Controller.Driver.run(Driver.java:313)<br>cucumber.runtime.Runtime.run(Runtime.java:108)<br>cucumber.runtime.Runtime.run(Runtime.java:120)<br>cucumber.runtime.model.CucumberFeature.run(CucumberFeature.java:154)<br>cucumber.runtime.model.CucumberScenarioOutline.run(CucumberScenarioOutline.java:46)<br>cucumber.runtime.model.CucumberScenario.run(CucumberScenario.java:48)<br>cucumber.runtime.model.StepContainer.runSteps(StepContainer.java:39)<br>cucumber.runtime.model.StepContainer.runStep(StepContainer.java:44)<br>cucumber.runtime.Runtime.runStep(Runtime.java:298)<br>cucumber.runtime.StepDefinitionMatch.runStep(StepDefinitionMatch.java:37)<br>cucumber.runtime.java.JavaStepDefinition.execute(JavaStepDefinition.java:35)<br>cucumber.runtime.Utils.invoke(Utils.java:30)<br>cucumber.runtime.Timeout.timeout(Timeout.java:13)<br>cucumber.runtime.Utils$1.call(Utils.java:34)<br>java.lang.reflect.Method.invoke(Unknown Source)<br>sun.reflect.DelegatingMethodAccessorImpl.invoke(Unknown Source)<br>sun.reflect.NativeMethodAccessorImpl.invoke(Unknown Source)<br>sun.reflect.NativeMethodAccessorImpl.invoke0(Native Method)<br>defFiles.LandingPage.RenewalPage(LandingPage.java:156)<br>defFiles.LandingPage.clickOnLandingButton(LandingPage.java:50)<br></i><br> Feature File Name = [C:\New Selenium\Salesforce_QA_Automation\ADT_Resources\SalesForce\FeatureFiles\AUTO_RENEWALS_AUTOMATIONS\AR_LANDING_PAGE\ARLandingPage_DoNotRenewAcceptOffer.feature]<br>Browser URL - [https://qa-renewals.realtor.com/?purl=DustinBaertschLQ0ZXD&qdt=Nov-2017&acctype=agent]<br>Page Title - [realtor.com® Solution Renewals]</td></tr>
<tr><td>2017/10/31 11:52:11</td><td bgcolor="Lavender">N/A</td><td>GetWebElement</td><td>Creating WebElement with locator = xpath and its value = //*[@id='submit-btn-holder']/button<br> <i> Stack Trace : java.lang.Thread.run(Unknown Source)<br>java.util.concurrent.ThreadPoolExecutor$Worker.run(Unknown Source)<br>java.util.concurrent.ThreadPoolExecutor.runWorker(Unknown Source)<br>Lib.Controller.ThreadRunner$1.run(ThreadRunner.java:334)<br>Lib.Controller.Driver.main(Driver.java:209)<br>Lib.Controller.Driver.run(Driver.java:313)<br>cucumber.runtime.Runtime.run(Runtime.java:108)<br>cucumber.runtime.Runtime.run(Runtime.java:120)<br>cucumber.runtime.model.CucumberFeature.run(CucumberFeature.java:154)<br>cucumber.runtime.model.CucumberScenarioOutline.run(CucumberScenarioOutline.java:46)<br>cucumber.runtime.model.CucumberScenario.run(CucumberScenario.java:48)<br>cucumber.runtime.model.StepContainer.runSteps(StepContainer.java:39)<br>cucumber.runtime.model.StepContainer.runStep(StepContainer.java:44)<br>cucumber.runtime.Runtime.runStep(Runtime.java:298)<br>cucumber.runtime.StepDefinitionMatch.runStep(StepDefinitionMatch.java:37)<br>cucumber.runtime.java.JavaStepDefinition.execute(JavaStepDefinition.java:35)<br>cucumber.runtime.Utils.invoke(Utils.java:30)<br>cucumber.runtime.Timeout.timeout(Timeout.java:13)<br>cucumber.runtime.Utils$1.call(Utils.java:34)<br>java.lang.reflect.Method.invoke(Unknown Source)<br>sun.reflect.DelegatingMethodAccessorImpl.invoke(Unknown Source)<br>sun.reflect.NativeMethodAccessorImpl.invoke(Unknown Source)<br>sun.reflect.NativeMethodAccessorImpl.invoke0(Native Method)<br>defFiles.LandingPage.RenewalPage(LandingPage.java:158)<br>defFiles.LandingPage.clickOnLandingButton(LandingPage.java:49)<br>Lib.Common.WebCtrlOperations.clickOnElement(WebCtrlOperations.java:2028)<br>Lib.Common.WebCtrlOperations.GetWebElement(WebCtrlOperations.java:1682)<br></i><br> Feature File Name = [C:\New Selenium\Salesforce_QA_Automation\ADT_Resources\SalesForce\FeatureFiles\AUTO_RENEWALS_AUTOMATIONS\AR_LANDING_PAGE\ARLandingPage_DoNotRenewAcceptOffer.feature]<br>Browser URL - [https://qa-renewals.realtor.com/?purl=DustinBaertschLQ0ZXD&qdt=Nov-2017&acctype=agent]<br>Page Title - [realtor.com® Solution Renewals]</td></tr>
<tr><td>2017/10/31 11:52:14</td><td bgcolor="DarkGreen">PASSED</td><td>SubmitBtn</td><td>Successfully clicked on SubmitBtn .<br> <i> Stack Trace : java.lang.Thread.run(Unknown Source)<br>java.util.concurrent.ThreadPoolExecutor$Worker.run(Unknown Source)<br>java.util.concurrent.ThreadPoolExecutor.runWorker(Unknown Source)<br>Lib.Controller.ThreadRunner$1.run(ThreadRunner.java:334)<br>Lib.Controller.Driver.main(Driver.java:209)<br>Lib.Controller.Driver.run(Driver.java:313)<br>cucumber.runtime.Runtime.run(Runtime.java:108)<br>cucumber.runtime.Runtime.run(Runtime.java:120)<br>cucumber.runtime.model.CucumberFeature.run(CucumberFeature.java:154)<br>cucumber.runtime.model.CucumberScenarioOutline.run(CucumberScenarioOutline.java:46)<br>cucumber.runtime.model.CucumberScenario.run(CucumberScenario.java:48)<br>cucumber.runtime.model.StepContainer.runSteps(StepContainer.java:39)<br>cucumber.runtime.model.StepContainer.runStep(StepContainer.java:44)<br>cucumber.runtime.Runtime.runStep(Runtime.java:298)<br>cucumber.runtime.StepDefinitionMatch.runStep(StepDefinitionMatch.java:37)<br>cucumber.runtime.java.JavaStepDefinition.execute(JavaStepDefinition.java:35)<br>cucumber.runtime.Utils.invoke(Utils.java:30)<br>cucumber.runtime.Timeout.timeout(Timeout.java:13)<br>cucumber.runtime.Utils$1.call(Utils.java:34)<br>java.lang.reflect.Method.invoke(Unknown Source)<br>sun.reflect.DelegatingMethodAccessorImpl.invoke(Unknown Source)<br>sun.reflect.NativeMethodAccessorImpl.invoke(Unknown Source)<br>sun.reflect.NativeMethodAccessorImpl.invoke0(Native Method)<br>defFiles.LandingPage.RenewalPage(LandingPage.java:158)<br>defFiles.LandingPage.clickOnLandingButton(LandingPage.java:50)<br></i><br> Feature File Name = [C:\New Selenium\Salesforce_QA_Automation\ADT_Resources\SalesForce\FeatureFiles\AUTO_RENEWALS_AUTOMATIONS\AR_LANDING_PAGE\ARLandingPage_DoNotRenewAcceptOffer.feature]<br>Browser URL - [https://qa-renewals.realtor.com/?purl=DustinBaertschLQ0ZXD&qdt=Nov-2017&acctype=agent]<br>Page Title - [realtor.com® Solution Renewals]</td></tr>
<tr><td>2017/10/31 11:52:15</td><td bgcolor="Red">FAILED</td><td><a href="gettingOfferDetails1509430935688.jpg" target="_blank">gettingOfferDetails</a></td><td>Exception occurred. unknown error: Element <div class="inswitch">...</div> is not clickable at point (1168, 63). Other element would receive the click: <h3 class="pad-top-lg pad-right-lg">...</h3>
  (Session info: chrome=55.0.2883.35)
  (Driver info: chromedriver=2.27.440174 (e97a722caafc2d3a8b807ee115bfb307f7d2cfd9),platform=Windows NT 10.0.15063 x86_64) (WARNING: The server did not provide any stacktrace information)
Command duration or timeout: 102 milliseconds
Build info: version: 'unknown', revision: 'unknown', time: 'unknown'
System info: host: 'BRIDT-1383', ip: '192.168.232.79', os.name: 'Windows 10', os.arch: 'amd64', os.version: '10.0', java.version: '1.8.0_141'
Driver info: org.openqa.selenium.chrome.ChromeDriver
Capabilities [{applicationCacheEnabled=false, rotatable=false, mobileEmulationEnabled=false, networkConnectionEnabled=false, chrome={chromedriverVersion=2.27.440174 (e97a722caafc2d3a8b807ee115bfb307f7d2cfd9), userDataDir=C:\Users\KAALLA~1.ROO\AppData\Local\Temp\scoped_dir11980_31644}, takesHeapSnapshot=true, pageLoadStrategy=normal, databaseEnabled=false, handlesAlerts=true, hasTouchScreen=false, version=55.0.2883.35, platform=XP, browserConnectionEnabled=false, nativeEvents=true, acceptSslCerts=true, locationContextEnabled=true, webStorageEnabled=true, browserName=chrome, takesScreenshot=true, javascriptEnabled=true, cssSelectorsEnabled=true, unexpectedAlertBehaviour=}]
Session ID: 74578d0cf33850337626adcd987d3afd<br> <i> Stack Trace : java.lang.Thread.run(Unknown Source)<br>java.util.concurrent.ThreadPoolExecutor$Worker.run(Unknown Source)<br>java.util.concurrent.ThreadPoolExecutor.runWorker(Unknown Source)<br>Lib.Controller.ThreadRunner$1.run(ThreadRunner.java:334)<br>Lib.Controller.Driver.main(Driver.java:209)<br>Lib.Controller.Driver.run(Driver.java:313)<br>cucumber.runtime.Runtime.run(Runtime.java:108)<br>cucumber.runtime.Runtime.run(Runtime.java:120)<br>cucumber.runtime.model.CucumberFeature.run(CucumberFeature.java:154)<br>cucumber.runtime.model.CucumberScenarioOutline.run(CucumberScenarioOutline.java:46)<br>cucumber.runtime.model.CucumberScenario.run(CucumberScenario.java:48)<br>cucumber.runtime.model.StepContainer.runSteps(StepContainer.java:39)<br>cucumber.runtime.model.StepContainer.runStep(StepContainer.java:44)<br>cucumber.runtime.Runtime.runStep(Runtime.java:298)<br>cucumber.runtime.StepDefinitionMatch.runStep(StepDefinitionMatch.java:37)<br>cucumber.runtime.java.JavaStepDefinition.execute(JavaStepDefinition.java:35)<br>cucumber.runtime.Utils.invoke(Utils.java:30)<br>cucumber.runtime.Timeout.timeout(Timeout.java:13)<br>cucumber.runtime.Utils$1.call(Utils.java:34)<br>java.lang.reflect.Method.invoke(Unknown Source)<br>sun.reflect.DelegatingMethodAccessorImpl.invoke(Unknown Source)<br>sun.reflect.NativeMethodAccessorImpl.invoke(Unknown Source)<br>sun.reflect.NativeMethodAccessorImpl.invoke0(Native Method)<br>defFiles.LandingPage.gettingOfferDetails(LandingPage.java:218)<br></i><br> Feature File Name = [C:\New Selenium\Salesforce_QA_Automation\ADT_Resources\SalesForce\FeatureFiles\AUTO_RENEWALS_AUTOMATIONS\AR_LANDING_PAGE\ARLandingPage_DoNotRenewAcceptOffer.feature]<br>Browser URL - [https://qa-renewals.realtor.com/?purl=DustinBaertschLQ0ZXD&qdt=Nov-2017&acctype=agent]<br>Page Title - [realtor.com® Solution Renewals]</td></tr>
<tr><td>2017/10/31 11:52:17</td><td bgcolor="Moccasin">INFO</td><td>afterScenario</td><td>Closing the Browser Instance<br> <i> Stack Trace : java.lang.Thread.run(Unknown Source)<br>java.util.concurrent.ThreadPoolExecutor$Worker.run(Unknown Source)<br>java.util.concurrent.ThreadPoolExecutor.runWorker(Unknown Source)<br>Lib.Controller.ThreadRunner$1.run(ThreadRunner.java:334)<br>Lib.Controller.Driver.main(Driver.java:209)<br>Lib.Controller.Driver.run(Driver.java:313)<br>cucumber.runtime.Runtime.run(Runtime.java:108)<br>cucumber.runtime.Runtime.run(Runtime.java:120)<br>cucumber.runtime.model.CucumberFeature.run(CucumberFeature.java:154)<br>cucumber.runtime.model.CucumberScenarioOutline.run(CucumberScenarioOutline.java:46)<br>cucumber.runtime.model.CucumberScenario.run(CucumberScenario.java:50)<br>cucumber.runtime.Runtime.runAfterHooks(Runtime.java:204)<br>cucumber.runtime.Runtime.runHooks(Runtime.java:210)<br>cucumber.runtime.Runtime.runHookIfTagsMatch(Runtime.java:222)<br>cucumber.runtime.java.JavaHookDefinition.execute(JavaHookDefinition.java:59)<br>cucumber.runtime.Utils.invoke(Utils.java:30)<br>cucumber.runtime.Timeout.timeout(Timeout.java:13)<br>cucumber.runtime.Utils$1.call(Utils.java:34)<br>java.lang.reflect.Method.invoke(Unknown Source)<br>sun.reflect.DelegatingMethodAccessorImpl.invoke(Unknown Source)<br>sun.reflect.NativeMethodAccessorImpl.invoke(Unknown Source)<br>sun.reflect.NativeMethodAccessorImpl.invoke0(Native Method)<br>defFiles.Common.afterScenario(Common.java:106)<br></i><br> Feature File Name = [C:\New Selenium\Salesforce_QA_Automation\ADT_Resources\SalesForce\FeatureFiles\AUTO_RENEWALS_AUTOMATIONS\AR_LANDING_PAGE\ARLandingPage_DoNotRenewAcceptOffer.feature]<br><b>Unable to get the URL and Page title because the browser is not open</b></td></tr>
<tr><td>2017/10/31 11:52:17</td><td bgcolor="Lavender">N/A</td><td>run</td><td>Printing Cucumber RunTime Error/s<br> <i> Stack Trace : java.lang.Thread.run(Unknown Source)<br>java.util.concurrent.ThreadPoolExecutor$Worker.run(Unknown Source)<br>java.util.concurrent.ThreadPoolExecutor.runWorker(Unknown Source)<br>Lib.Controller.ThreadRunner$1.run(ThreadRunner.java:334)<br>Lib.Controller.Driver.main(Driver.java:209)<br>Lib.Controller.Driver.run(Driver.java:323)<br></i><br> Feature File Name = [C:\New Selenium\Salesforce_QA_Automation\ADT_Resources\SalesForce\FeatureFiles\AUTO_RENEWALS_AUTOMATIONS\AR_LANDING_PAGE\ARLandingPage_DoNotRenewAcceptOffer.feature]<br><b>Unable to get the URL and Page title because the browser is not open</b></td></tr>
<tr><td>2017/10/31 11:52:17</td><td bgcolor="Red">FAILED</td><td><a href="" target="_blank">run</a></td><td> File Name: Assert.java Method name: fail(86)<br> File Name: Assert.java Method name: assertTrue(41)<br> File Name: Assert.java Method name: assertTrue(52)<br> File Name: LandingPage.java Method name: gettingOfferDetails(219)<br> File Name: C:/New Selenium/Salesforce_QA_Automation/ADT_Resources/SalesForce/FeatureFiles/AUTO_RENEWALS_AUTOMATIONS/AR_LANDING_PAGE/ARLandingPage_DoNotRenewAcceptOffer.feature Method name: And I am check "Accept" and submiting(8)<br><br>Complete Error Message: null<br><br> <i> Stack Trace : java.lang.Thread.run(Unknown Source)<br>java.util.concurrent.ThreadPoolExecutor$Worker.run(Unknown Source)<br>java.util.concurrent.ThreadPoolExecutor.runWorker(Unknown Source)<br>Lib.Controller.ThreadRunner$1.run(ThreadRunner.java:334)<br>Lib.Controller.Driver.main(Driver.java:209)<br>Lib.Controller.Driver.run(Driver.java:331)<br></i><br> Feature File Name = [C:\New Selenium\Salesforce_QA_Automation\ADT_Resources\SalesForce\FeatureFiles\AUTO_RENEWALS_AUTOMATIONS\AR_LANDING_PAGE\ARLandingPage_DoNotRenewAcceptOffer.feature]<br><b>Unable to get the URL and Page title because the browser is not open</b></td></tr>
